<?xml version="1.0" encoding="UTF-8"?>
<testsuite name="ServerTest" tests="1" skipped="0" failures="0" errors="0" timestamp="2021-06-05T18:33:37" hostname="LAPTOP-0D8KJK6N" time="0.179">
  <properties/>
  <testcase name="server_response_test()" classname="ServerTest" time="0.179"/>
  <system-out><![CDATA[]]></system-out>
  <system-err><![CDATA[]]></system-err>
</testsuite>
